<?xml version="1.0" encoding="UTF-8"?>
<testng-results skipped="0" failed="0" ignored="0" total="1" passed="1">
  <reporter-output>
  </reporter-output>
  <suite name="Default suite" duration-ms="29036" started-at="2019-02-25T14:46:26Z" finished-at="2019-02-25T14:46:55Z">
    <groups>
    </groups>
    <test name="Default test" duration-ms="29036" started-at="2019-02-25T14:46:26Z" finished-at="2019-02-25T14:46:55Z">
      <class name="com.training.sanity.tests.EditQuantityOfProductTest_RTTC43">
        <test-method status="PASS" signature="setUpBeforeClass()[pri:0, instance:com.training.sanity.tests.EditQuantityOfProductTest_RTTC43@42d80b78]" name="setUpBeforeClass" is-config="true" duration-ms="14619" started-at="2019-02-25T14:46:26Z" finished-at="2019-02-25T14:46:41Z">
          <reporter-output>
          </reporter-output>
        </test-method> <!-- setUpBeforeClass -->
        <test-method status="PASS" signature="DeleteProductTest()[pri:1, instance:com.training.sanity.tests.EditQuantityOfProductTest_RTTC43@42d80b78]" name="DeleteProductTest" duration-ms="12583" started-at="2019-02-25T14:46:41Z" finished-at="2019-02-25T14:46:53Z">
          <reporter-output>
          </reporter-output>
        </test-method> <!-- DeleteProductTest -->
        <test-method status="PASS" signature="tearDown()[pri:0, instance:com.training.sanity.tests.EditQuantityOfProductTest_RTTC43@42d80b78]" name="tearDown" is-config="true" duration-ms="1800" started-at="2019-02-25T14:46:53Z" finished-at="2019-02-25T14:46:55Z">
          <reporter-output>
          </reporter-output>
        </test-method> <!-- tearDown -->
      </class> <!-- com.training.sanity.tests.EditQuantityOfProductTest_RTTC43 -->
    </test> <!-- Default test -->
  </suite> <!-- Default suite -->
</testng-results>
