<?xml version="1.0" encoding="UTF-8"?>
<!-- Generated by org.testng.reporters.JUnitXMLReporter -->
<testsuite hostname="DESKTOP-15F7O0H" ignored="0" name="Default test" tests="6" failures="0" timestamp="28 Feb 2019 07:54:35 GMT" time="30.452" errors="0">
  <testcase name="FilterProductDetails" time="7.005" classname="com.training.sanity.tests.ProductsTest_RTTC041"/>
  <testcase name="FilterProductDetailsByPrice" time="1.785" classname="com.training.sanity.tests.ProductsTest_RTTC041"/>
  <testcase name="FilterProductDetailsByStatus" time="1.743" classname="com.training.sanity.tests.ProductsTest_RTTC041"/>
  <testcase name="FilterProductDetailsByModel" time="2.796" classname="com.training.sanity.tests.ProductsTest_RTTC041"/>
  <testcase name="FilterProductDetailsByQuantity" time="2.74" classname="com.training.sanity.tests.ProductsTest_RTTC041"/>
  <testcase name="FilterProductDetailsByImage" time="2.026" classname="com.training.sanity.tests.ProductsTest_RTTC041"/>
</testsuite> <!-- Default test -->
